#
# There is insufficient memory for the Java Runtime Environment to continue.
# Native memory allocation (malloc) failed to allocate 1747696 bytes. Error detail: Chunk::new
# Possible reasons:
#   The system is out of physical RAM or swap space
#   This process is running with CompressedOops enabled, and the Java Heap may be blocking the growth of the native heap
# Possible solutions:
#   Reduce memory load on the system
#   Increase physical memory or swap space
#   Check if swap backing store is full
#   Decrease Java heap size (-Xmx/-Xms)
#   Decrease number of Java threads
#   Decrease Java thread stack sizes (-Xss)
#   Set larger code cache with -XX:ReservedCodeCacheSize=
#   JVM is running with Unscaled Compressed Oops mode in which the Java heap is
#     placed in the first 4GB address space. The Java Heap base address is the
#     maximum limit for the native heap growth. Please use -XX:HeapBaseMinAddress
#     to set the Java Heap base and to place the Java Heap above 4GB virtual address.
# This output file may be truncated or incomplete.
#
#  Out of Memory Error (arena.cpp:168), pid=7620, tid=12616
#
# JRE version: OpenJDK Runtime Environment Temurin-21.0.10+7 (21.0.10+7) (build 21.0.10+7-LTS)
# Java VM: OpenJDK 64-Bit Server VM Temurin-21.0.10+7 (21.0.10+7-LTS, mixed mode, sharing, tiered, compressed oops, compressed class ptrs, parallel gc, windows-amd64)
# No core dump will be written. Minidumps are not enabled by default on client versions of Windows
#

---------------  S U M M A R Y ------------

Command Line: --add-modules=ALL-SYSTEM --add-opens=java.base/java.util=ALL-UNNAMED --add-opens=java.base/java.lang=ALL-UNNAMED --add-opens=java.base/sun.nio.fs=ALL-UNNAMED -Declipse.application=org.eclipse.jdt.ls.core.id1 -Dosgi.bundles.defaultStartLevel=4 -Declipse.product=org.eclipse.jdt.ls.core.product -Djava.import.generatesMetadataFilesAtProjectRoot=false -DDetectVMInstallationsJob.disabled=true -Dfile.encoding=utf8 -XX:+UseParallelGC -XX:GCTimeRatio=4 -XX:AdaptiveSizePolicyWeight=90 -Dsun.zip.disableMemoryMapping=true -Xmx2G -Xms100m -Xlog:disable -javaagent:c:\Users\Annet\.vscode\extensions\redhat.java-1.54.0-win32-x64\lombok\lombok-1.18.39-4050.jar -XX:+HeapDumpOnOutOfMemoryError -XX:HeapDumpPath=c:\Users\Annet\AppData\Roaming\Code\User\workspaceStorage\e769f471d587c3dfcb8aa7dfe80d412e\redhat.java -Daether.dependencyCollector.impl=bf c:\Users\Annet\.vscode\extensions\redhat.java-1.54.0-win32-x64\server\plugins\org.eclipse.equinox.launcher_1.7.100.v20251111-0406.jar -configuration c:\Users\Annet\AppData\Roaming\Code\User\globalStorage\redhat.java\1.54.0\config_win -data c:\Users\Annet\AppData\Roaming\Code\User\workspaceStorage\e769f471d587c3dfcb8aa7dfe80d412e\redhat.java\jdt_ws --pipe=\\.\pipe\lsp-d25ca020a2a5eeabb5aab37127d0158d-sock

Host: Intel(R) Core(TM) i3-1005G1 CPU @ 1.20GHz, 4 cores, 7G,  Windows 10 , 64 bit Build 19041 (10.0.19041.5915)
Time: Sat Jun 13 16:39:20 2026 Hora est. Pac璗ico, Sudam廨ica elapsed time: 14.254362 seconds (0d 0h 0m 14s)

---------------  T H R E A D  ---------------

Current thread (0x0000029ac1e73800):  JavaThread "C2 CompilerThread0" daemon [_thread_in_native, id=12616, stack(0x000000bfdd500000,0x000000bfdd600000) (1024K)]


Current CompileTask:
C2:14254 3908   !   4       org.eclipse.osgi.internal.loader.classpath.ClasspathManager::findClassImpl (328 bytes)

Stack: [0x000000bfdd500000,0x000000bfdd600000]
Native frames: (J=compiled Java code, j=interpreted, Vv=VM code, C=native code)
V  [jvm.dll+0x6d7a39]
V  [jvm.dll+0x8b4b26]
V  [jvm.dll+0x8b70de]
V  [jvm.dll+0x8b77c3]
V  [jvm.dll+0x284346]
V  [jvm.dll+0xc66ed]
V  [jvm.dll+0xc6c31]
V  [jvm.dll+0x3bec3b]
V  [jvm.dll+0x1e3d62]
V  [jvm.dll+0x24c6b3]
V  [jvm.dll+0x24bb40]
V  [jvm.dll+0x1cb34e]
V  [jvm.dll+0x25b85d]
V  [jvm.dll+0x259dea]
V  [jvm.dll+0x3f857e]
V  [jvm.dll+0x85f59d]
V  [jvm.dll+0x6d626d]
C  [ucrtbase.dll+0x21bb2]
C  [KERNEL32.DLL+0x17374]
C  [ntdll.dll+0x4cc91]


---------------  P R O C E S S  ---------------

Threads class SMR info:
_java_thread_list=0x0000029b03f6f8b0, length=23, elements={
0x0000029aa91cd170, 0x0000029ac1e65020, 0x0000029ac1e65fc0, 0x0000029ac1e6ad30,
0x0000029ac1e6ba80, 0x0000029ac1e6e6e0, 0x0000029ac1e723b0, 0x0000029ac1e73800,
0x0000029ac1ee96f0, 0x0000029b03d47fc0, 0x0000029b03db7d70, 0x0000029b084ee5e0,
0x0000029b084eec70, 0x0000029b084ef300, 0x0000029b084ef990, 0x0000029b084ec510,
0x0000029b084ecba0, 0x0000029b084ed230, 0x0000029b084edf50, 0x0000029b084ed8c0,
0x0000029b097eae80, 0x0000029b097ee300, 0x0000029b097ea160
}

Java Threads: ( => current thread )
  0x0000029aa91cd170 JavaThread "main"                              [_thread_blocked, id=5760, stack(0x000000bfdcb00000,0x000000bfdcc00000) (1024K)]
  0x0000029ac1e65020 JavaThread "Reference Handler"          daemon [_thread_blocked, id=17556, stack(0x000000bfdcf00000,0x000000bfdd000000) (1024K)]
  0x0000029ac1e65fc0 JavaThread "Finalizer"                  daemon [_thread_blocked, id=14208, stack(0x000000bfdd000000,0x000000bfdd100000) (1024K)]
  0x0000029ac1e6ad30 JavaThread "Signal Dispatcher"          daemon [_thread_blocked, id=16976, stack(0x000000bfdd100000,0x000000bfdd200000) (1024K)]
  0x0000029ac1e6ba80 JavaThread "Attach Listener"            daemon [_thread_blocked, id=7104, stack(0x000000bfdd200000,0x000000bfdd300000) (1024K)]
  0x0000029ac1e6e6e0 JavaThread "Service Thread"             daemon [_thread_blocked, id=4388, stack(0x000000bfdd300000,0x000000bfdd400000) (1024K)]
  0x0000029ac1e723b0 JavaThread "Monitor Deflation Thread"   daemon [_thread_blocked, id=14280, stack(0x000000bfdd400000,0x000000bfdd500000) (1024K)]
=>0x0000029ac1e73800 JavaThread "C2 CompilerThread0"         daemon [_thread_in_native, id=12616, stack(0x000000bfdd500000,0x000000bfdd600000) (1024K)]
  0x0000029ac1ee96f0 JavaThread "C1 CompilerThread0"         daemon [_thread_blocked, id=20112, stack(0x000000bfdd600000,0x000000bfdd700000) (1024K)]
  0x0000029b03d47fc0 JavaThread "Common-Cleaner"             daemon [_thread_blocked, id=11364, stack(0x000000bfdd700000,0x000000bfdd800000) (1024K)]
  0x0000029b03db7d70 JavaThread "Notification Thread"        daemon [_thread_blocked, id=13396, stack(0x000000bfdd800000,0x000000bfdd900000) (1024K)]
  0x0000029b084ee5e0 JavaThread "Active Thread: Equinox Container: c739c95f-c56b-4eca-9358-e325f4f80125"        [_thread_blocked, id=14184, stack(0x000000bfddc00000,0x000000bfddd00000) (1024K)]
  0x0000029b084eec70 JavaThread "Refresh Thread: Equinox Container: c739c95f-c56b-4eca-9358-e325f4f80125" daemon [_thread_blocked, id=11568, stack(0x000000bfddd00000,0x000000bfdde00000) (1024K)]
  0x0000029b084ef300 JavaThread "Framework Event Dispatcher: Equinox Container: c739c95f-c56b-4eca-9358-e325f4f80125" daemon [_thread_blocked, id=18540, stack(0x000000bfdde00000,0x000000bfddf00000) (1024K)]
  0x0000029b084ef990 JavaThread "Start Level: Equinox Container: c739c95f-c56b-4eca-9358-e325f4f80125" daemon [_thread_in_vm, id=19744, stack(0x000000bfddf00000,0x000000bfde000000) (1024K)] _threads_hazard_ptr=0x0000029b03f6f8b0
  0x0000029b084ec510 JavaThread "Bundle File Closer"         daemon [_thread_blocked, id=16488, stack(0x000000bfde100000,0x000000bfde200000) (1024K)]
  0x0000029b084ecba0 JavaThread "SCR Component Actor"        daemon [_thread_blocked, id=11084, stack(0x000000bfde000000,0x000000bfde100000) (1024K)]
  0x0000029b084ed230 JavaThread "Worker-JM"                         [_thread_blocked, id=19656, stack(0x000000bfde300000,0x000000bfde400000) (1024K)]
  0x0000029b084edf50 JavaThread "Worker-0: Updating Maven Dependencies"        [_thread_blocked, id=6796, stack(0x000000bfde200000,0x000000bfde300000) (1024K)]
  0x0000029b084ed8c0 JavaThread "Worker-1: Repository registry initialization"        [_thread_in_vm, id=5768, stack(0x000000bfde400000,0x000000bfde500000) (1024K)]
  0x0000029b097eae80 JavaThread "Worker-2"                          [_thread_in_Java, id=16268, stack(0x000000bfde500000,0x000000bfde600000) (1024K)]
  0x0000029b097ee300 JavaThread "Worker-3"                          [_thread_blocked, id=5620, stack(0x000000bfde600000,0x000000bfde700000) (1024K)]
  0x0000029b097ea160 JavaThread "Java indexing"              daemon [_thread_new, id=20460, stack(0x0000000000000000,0x0000000000000000) (0B)]
Total: 23

Other Threads:
  0x0000029aab534ce0 VMThread "VM Thread"                           [id=20416, stack(0x000000bfdce00000,0x000000bfdcf00000) (1024K)]
  0x0000029aab4dff20 WatcherThread "VM Periodic Task Thread"        [id=3632, stack(0x000000bfdcd00000,0x000000bfdce00000) (1024K)]
  0x0000029aab4941b0 WorkerThread "GC Thread#0"                     [id=20412, stack(0x000000bfdcc00000,0x000000bfdcd00000) (1024K)]
  0x0000029b0830ba00 WorkerThread "GC Thread#1"                     [id=3104, stack(0x000000bfdd900000,0x000000bfdda00000) (1024K)]
  0x0000029b081df770 WorkerThread "GC Thread#2"                     [id=19708, stack(0x000000bfdda00000,0x000000bfddb00000) (1024K)]
  0x0000029b081dfb20 WorkerThread "GC Thread#3"                     [id=19940, stack(0x000000bfddb00000,0x000000bfddc00000) (1024K)]
Total: 6

Threads with active compile tasks:
C2 CompilerThread0  14289 3908   !   4       org.eclipse.osgi.internal.loader.classpath.ClasspathManager::findClassImpl (328 bytes)
Total: 1

VM state: not at safepoint (normal execution)

VM Mutex/Monitor currently owned by a thread: None

Heap address: 0x0000000080000000, size: 2048 MB, Compressed Oops mode: 32-bit

CDS archive(s) mapped at: [0x0000029ac2000000-0x0000029ac2ba0000-0x0000029ac2ba0000), size 12189696, SharedBaseAddress: 0x0000029ac2000000, ArchiveRelocationMode: 1.
Compressed class space mapped at: 0x0000029ac3000000-0x0000029b03000000, reserved size: 1073741824
Narrow klass base: 0x0000029ac2000000, Narrow klass shift: 0, Narrow klass range: 0x100000000

GC Precious Log:
 CardTable entry size: 512
 CPUs: 4 total, 4 available
 Memory: 7931M
 Large Page Support: Disabled
 NUMA Support: Disabled
 Compressed Oops: Enabled (32-bit)
 Alignments: Space 512K, Generation 512K, Heap 2M
 Heap Min Capacity: 100M
 Heap Initial Capacity: 100M
 Heap Max Capacity: 2G
 Pre-touch: Disabled
 Parallel Workers: 4

Heap:
 PSYoungGen      total 25088K, used 15486K [0x00000000d5580000, 0x00000000d7580000, 0x0000000100000000)
  eden space 23040K, 60% used [0x00000000d5580000,0x00000000d6319950,0x00000000d6c00000)
  from space 2048K, 76% used [0x00000000d7380000,0x00000000d7506170,0x00000000d7580000)
  to   space 2048K, 0% used [0x00000000d7180000,0x00000000d7180000,0x00000000d7380000)
 ParOldGen       total 68608K, used 14720K [0x0000000080000000, 0x0000000084300000, 0x00000000d5580000)
  object space 68608K, 21% used [0x0000000080000000,0x0000000080e601e0,0x0000000084300000)
 Metaspace       used 27497K, committed 28416K, reserved 1114112K
  class space    used 2764K, committed 3200K, reserved 1048576K

Card table byte_map: [0x0000029aaae20000,0x0000029aab230000] _byte_map_base: 0x0000029aaaa20000

Marking Bits: (ParMarkBitMap*) 0x00007ffd48473450
 Begin Bits: [0x0000029abd930000, 0x0000029abf930000)
 End Bits:   [0x0000029abf930000, 0x0000029ac1930000)

Polling page: 0x0000029aa9160000

Metaspace:

Usage:
  Non-class:     24.15 MB used.
      Class:      2.70 MB used.
       Both:     26.85 MB used.

Virtual space:
  Non-class space:       64.00 MB reserved,      24.62 MB ( 38%) committed,  1 nodes.
      Class space:        1.00 GB reserved,       3.12 MB ( <1%) committed,  1 nodes.
             Both:        1.06 GB reserved,      27.75 MB (  3%) committed. 

Chunk freelists:
   Non-Class:  6.58 MB
       Class:  12.80 MB
        Both:  19.38 MB

MaxMetaspaceSize: unlimited
CompressedClassSpaceSize: 1.00 GB
Initial GC threshold: 21.00 MB
Current GC threshold: 35.00 MB
CDS: on
 - commit_granule_bytes: 65536.
 - commit_granule_words: 8192.
 - virtual_space_node_default_size: 8388608.
 - enlarge_chunks_in_place: 1.
 - use_allocation_guard: 0.


Internal statistics:

num_allocs_failed_limit: 3.
num_arena_births: 650.
num_arena_deaths: 14.
num_vsnodes_births: 2.
num_vsnodes_deaths: 0.
num_space_committed: 444.
num_space_uncommitted: 0.
num_chunks_returned_to_freelist: 17.
num_chunks_taken_from_freelist: 1772.
num_chunk_merges: 9.
num_chunk_splits: 1149.
num_chunks_enlarged: 725.
num_inconsistent_stats: 0.

CodeHeap 'non-profiled nmethods': size=120000Kb used=1834Kb max_used=1834Kb free=118165Kb
 bounds [0x0000029ab6150000, 0x0000029ab63c0000, 0x0000029abd680000]
CodeHeap 'profiled nmethods': size=120000Kb used=8420Kb max_used=8420Kb free=111579Kb
 bounds [0x0000029aae680000, 0x0000029aaeec0000, 0x0000029ab5bb0000]
CodeHeap 'non-nmethods': size=5760Kb used=1331Kb max_used=1368Kb free=4428Kb
 bounds [0x0000029ab5bb0000, 0x0000029ab5e20000, 0x0000029ab6150000]
CodeCache: size=245760Kb, used=11585Kb, max_used=11622Kb, free=234172Kb
 total_blobs=4557, nmethods=3947, adapters=516, full_count=0
Compilation: enabled, stopped_count=0, restarted_count=0

Compilation events (20 events):
Event: 14.010 Thread 0x0000029ac1ee96f0 3947       3       java.lang.invoke.DirectMethodHandle::ensureInitialized (8 bytes)
Event: 14.011 Thread 0x0000029ac1ee96f0 nmethod 3947 0x0000029aaeeaf910 code [0x0000029aaeeafb60, 0x0000029aaeeb03f8]
Event: 14.011 Thread 0x0000029ac1ee96f0 3950       3       java.lang.reflect.Field::acquireFieldAccessor (46 bytes)
Event: 14.011 Thread 0x0000029ac1ee96f0 nmethod 3950 0x0000029aaeeb0710 code [0x0000029aaeeb0900, 0x0000029aaeeb0d10]
Event: 14.011 Thread 0x0000029ac1ee96f0 3948  s!   3       org.eclipse.osgi.util.NLS$MessagesProperties::put (154 bytes)
Event: 14.013 Thread 0x0000029ac1ee96f0 nmethod 3948 0x0000029aaeeb0e90 code [0x0000029aaeeb12e0, 0x0000029aaeeb2f38]
Event: 14.013 Thread 0x0000029ac1ee96f0 3949       3       java.lang.invoke.LambdaForm$MH/0x0000029ac319d400::invoke (39 bytes)
Event: 14.014 Thread 0x0000029ac1ee96f0 nmethod 3949 0x0000029aaeeb3990 code [0x0000029aaeeb3be0, 0x0000029aaeeb48a0]
Event: 14.029 Thread 0x0000029ac1ee96f0 3951       3       java.lang.NamedPackage::<init> (59 bytes)
Event: 14.030 Thread 0x0000029ac1ee96f0 nmethod 3951 0x0000029aaeeb4c10 code [0x0000029aaeeb4ea0, 0x0000029aaeeb5818]
Event: 14.040 Thread 0x0000029ac1ee96f0 3952       3       java.lang.Module::isStaticallyExportedOrOpen (70 bytes)
Event: 14.040 Thread 0x0000029ac1ee96f0 nmethod 3952 0x0000029aaeeb5c10 code [0x0000029aaeeb5e20, 0x0000029aaeeb64d0]
Event: 14.150 Thread 0x0000029ac1ee96f0 3953       3       java.lang.invoke.MethodHandle::bindTo (19 bytes)
Event: 14.150 Thread 0x0000029ac1ee96f0 nmethod 3953 0x0000029aaeeb6690 code [0x0000029aaeeb68a0, 0x0000029aaeeb6eb8]
Event: 14.150 Thread 0x0000029ac1ee96f0 3954       3       java.lang.invoke.MethodType::leadingReferenceParameter (30 bytes)
Event: 14.151 Thread 0x0000029ac1ee96f0 nmethod 3954 0x0000029aaeeb7110 code [0x0000029aaeeb72e0, 0x0000029aaeeb75c0]
Event: 14.157 Thread 0x0000029ac1ee96f0 3955       3       java.lang.invoke.MethodHandle::bindArgumentL (10 bytes)
Event: 14.157 Thread 0x0000029ac1ee96f0 nmethod 3955 0x0000029aaeeb7710 code [0x0000029aaeeb7920, 0x0000029aaeeb7f68]
Event: 14.241 Thread 0x0000029ac1ee96f0 3956       3       java.util.stream.AbstractPipeline::spliterator (116 bytes)
Event: 14.242 Thread 0x0000029ac1ee96f0 nmethod 3956 0x0000029aaeeb8210 code [0x0000029aaeeb8480, 0x0000029aaeeb8ed8]

GC Heap History (20 events):
Event: 4.077 GC heap before
{Heap before GC invocations=2 (full 0):
 PSYoungGen      total 29696K, used 28903K [0x00000000d5580000, 0x00000000d7680000, 0x0000000100000000)
  eden space 25600K, 100% used [0x00000000d5580000,0x00000000d6e80000,0x00000000d6e80000)
  from space 4096K, 80% used [0x00000000d6e80000,0x00000000d71b9e98,0x00000000d7280000)
  to   space 4096K, 0% used [0x00000000d7280000,0x00000000d7280000,0x00000000d7680000)
 ParOldGen       total 68608K, used 0K [0x0000000080000000, 0x0000000084300000, 0x00000000d5580000)
  object space 68608K, 0% used [0x0000000080000000,0x0000000080000000,0x0000000084300000)
 Metaspace       used 8026K, committed 8320K, reserved 1114112K
  class space    used 830K, committed 960K, reserved 1048576K
}
Event: 4.085 GC heap after
{Heap after GC invocations=2 (full 0):
 PSYoungGen      total 29696K, used 4087K [0x00000000d5580000, 0x00000000d7680000, 0x0000000100000000)
  eden space 25600K, 0% used [0x00000000d5580000,0x00000000d5580000,0x00000000d6e80000)
  from space 4096K, 99% used [0x00000000d7280000,0x00000000d767de88,0x00000000d7680000)
  to   space 4096K, 0% used [0x00000000d6e80000,0x00000000d6e80000,0x00000000d7280000)
 ParOldGen       total 68608K, used 2112K [0x0000000080000000, 0x0000000084300000, 0x00000000d5580000)
  object space 68608K, 3% used [0x0000000080000000,0x0000000080210020,0x0000000084300000)
 Metaspace       used 8026K, committed 8320K, reserved 1114112K
  class space    used 830K, committed 960K, reserved 1048576K
}
Event: 4.955 GC heap before
{Heap before GC invocations=3 (full 0):
 PSYoungGen      total 29696K, used 29687K [0x00000000d5580000, 0x00000000d7680000, 0x0000000100000000)
  eden space 25600K, 100% used [0x00000000d5580000,0x00000000d6e80000,0x00000000d6e80000)
  from space 4096K, 99% used [0x00000000d7280000,0x00000000d767de88,0x00000000d7680000)
  to   space 4096K, 0% used [0x00000000d6e80000,0x00000000d6e80000,0x00000000d7280000)
 ParOldGen       total 68608K, used 2112K [0x0000000080000000, 0x0000000084300000, 0x00000000d5580000)
  object space 68608K, 3% used [0x0000000080000000,0x0000000080210020,0x0000000084300000)
 Metaspace       used 9487K, committed 9792K, reserved 1114112K
  class space    used 1010K, committed 1152K, reserved 1048576K
}
Event: 4.961 GC heap after
{Heap after GC invocations=3 (full 0):
 PSYoungGen      total 29696K, used 4079K [0x00000000d5580000, 0x00000000d7680000, 0x0000000100000000)
  eden space 25600K, 0% used [0x00000000d5580000,0x00000000d5580000,0x00000000d6e80000)
  from space 4096K, 99% used [0x00000000d6e80000,0x00000000d727bd48,0x00000000d7280000)
  to   space 4096K, 0% used [0x00000000d7280000,0x00000000d7280000,0x00000000d7680000)
 ParOldGen       total 68608K, used 5074K [0x0000000080000000, 0x0000000084300000, 0x00000000d5580000)
  object space 68608K, 7% used [0x0000000080000000,0x00000000804f4ab8,0x0000000084300000)
 Metaspace       used 9487K, committed 9792K, reserved 1114112K
  class space    used 1010K, committed 1152K, reserved 1048576K
}
Event: 7.925 GC heap before
{Heap before GC invocations=4 (full 0):
 PSYoungGen      total 29696K, used 29679K [0x00000000d5580000, 0x00000000d7680000, 0x0000000100000000)
  eden space 25600K, 100% used [0x00000000d5580000,0x00000000d6e80000,0x00000000d6e80000)
  from space 4096K, 99% used [0x00000000d6e80000,0x00000000d727bd48,0x00000000d7280000)
  to   space 4096K, 0% used [0x00000000d7280000,0x00000000d7280000,0x00000000d7680000)
 ParOldGen       total 68608K, used 5074K [0x0000000080000000, 0x0000000084300000, 0x00000000d5580000)
  object space 68608K, 7% used [0x0000000080000000,0x00000000804f4ab8,0x0000000084300000)
 Metaspace       used 11616K, committed 11968K, reserved 1114112K
  class space    used 1218K, committed 1408K, reserved 1048576K
}
Event: 7.930 GC heap after
{Heap after GC invocations=4 (full 0):
 PSYoungGen      total 29696K, used 4067K [0x00000000d5580000, 0x00000000d7680000, 0x0000000100000000)
  eden space 25600K, 0% used [0x00000000d5580000,0x00000000d5580000,0x00000000d6e80000)
  from space 4096K, 99% used [0x00000000d7280000,0x00000000d7678e38,0x00000000d7680000)
  to   space 4096K, 0% used [0x00000000d6e80000,0x00000000d6e80000,0x00000000d7280000)
 ParOldGen       total 68608K, used 6544K [0x0000000080000000, 0x0000000084300000, 0x00000000d5580000)
  object space 68608K, 9% used [0x0000000080000000,0x00000000806643c0,0x0000000084300000)
 Metaspace       used 11616K, committed 11968K, reserved 1114112K
  class space    used 1218K, committed 1408K, reserved 1048576K
}
Event: 9.871 GC heap before
{Heap before GC invocations=5 (full 0):
 PSYoungGen      total 29696K, used 29667K [0x00000000d5580000, 0x00000000d7680000, 0x0000000100000000)
  eden space 25600K, 100% used [0x00000000d5580000,0x00000000d6e80000,0x00000000d6e80000)
  from space 4096K, 99% used [0x00000000d7280000,0x00000000d7678e38,0x00000000d7680000)
  to   space 4096K, 0% used [0x00000000d6e80000,0x00000000d6e80000,0x00000000d7280000)
 ParOldGen       total 68608K, used 6544K [0x0000000080000000, 0x0000000084300000, 0x00000000d5580000)
  object space 68608K, 9% used [0x0000000080000000,0x00000000806643c0,0x0000000084300000)
 Metaspace       used 15583K, committed 16128K, reserved 1114112K
  class space    used 1618K, committed 1856K, reserved 1048576K
}
Event: 9.876 GC heap after
{Heap after GC invocations=5 (full 0):
 PSYoungGen      total 29184K, used 4084K [0x00000000d5580000, 0x00000000d7a00000, 0x0000000100000000)
  eden space 25088K, 0% used [0x00000000d5580000,0x00000000d5580000,0x00000000d6e00000)
  from space 4096K, 99% used [0x00000000d6e80000,0x00000000d727d378,0x00000000d7280000)
  to   space 6144K, 0% used [0x00000000d7400000,0x00000000d7400000,0x00000000d7a00000)
 ParOldGen       total 68608K, used 8048K [0x0000000080000000, 0x0000000084300000, 0x00000000d5580000)
  object space 68608K, 11% used [0x0000000080000000,0x00000000807dc280,0x0000000084300000)
 Metaspace       used 15583K, committed 16128K, reserved 1114112K
  class space    used 1618K, committed 1856K, reserved 1048576K
}
Event: 11.343 GC heap before
{Heap before GC invocations=6 (full 0):
 PSYoungGen      total 29184K, used 29172K [0x00000000d5580000, 0x00000000d7a00000, 0x0000000100000000)
  eden space 25088K, 100% used [0x00000000d5580000,0x00000000d6e00000,0x00000000d6e00000)
  from space 4096K, 99% used [0x00000000d6e80000,0x00000000d727d378,0x00000000d7280000)
  to   space 6144K, 0% used [0x00000000d7400000,0x00000000d7400000,0x00000000d7a00000)
 ParOldGen       total 68608K, used 8048K [0x0000000080000000, 0x0000000084300000, 0x00000000d5580000)
  object space 68608K, 11% used [0x0000000080000000,0x00000000807dc280,0x0000000084300000)
 Metaspace       used 17928K, committed 18688K, reserved 1114112K
  class space    used 1890K, committed 2176K, reserved 1048576K
}
Event: 11.351 GC heap after
{Heap after GC invocations=6 (full 0):
 PSYoungGen      total 29184K, used 4438K [0x00000000d5580000, 0x00000000d7880000, 0x0000000100000000)
  eden space 24576K, 0% used [0x00000000d5580000,0x00000000d5580000,0x00000000d6d80000)
  from space 4608K, 96% used [0x00000000d7400000,0x00000000d7855a20,0x00000000d7880000)
  to   space 5120K, 0% used [0x00000000d6e80000,0x00000000d6e80000,0x00000000d7380000)
 ParOldGen       total 68608K, used 8056K [0x0000000080000000, 0x0000000084300000, 0x00000000d5580000)
  object space 68608K, 11% used [0x0000000080000000,0x00000000807de280,0x0000000084300000)
 Metaspace       used 17928K, committed 18688K, reserved 1114112K
  class space    used 1890K, committed 2176K, reserved 1048576K
}
Event: 12.175 GC heap before
{Heap before GC invocations=7 (full 0):
 PSYoungGen      total 29184K, used 29014K [0x00000000d5580000, 0x00000000d7880000, 0x0000000100000000)
  eden space 24576K, 100% used [0x00000000d5580000,0x00000000d6d80000,0x00000000d6d80000)
  from space 4608K, 96% used [0x00000000d7400000,0x00000000d7855a20,0x00000000d7880000)
  to   space 5120K, 0% used [0x00000000d6e80000,0x00000000d6e80000,0x00000000d7380000)
 ParOldGen       total 68608K, used 8056K [0x0000000080000000, 0x0000000084300000, 0x00000000d5580000)
  object space 68608K, 11% used [0x0000000080000000,0x00000000807de280,0x0000000084300000)
 Metaspace       used 20508K, committed 21248K, reserved 1114112K
  class space    used 2125K, committed 2432K, reserved 1048576K
}
Event: 12.182 GC heap after
{Heap after GC invocations=7 (full 0):
 PSYoungGen      total 29184K, used 5114K [0x00000000d5580000, 0x00000000d7d00000, 0x0000000100000000)
  eden space 24064K, 0% used [0x00000000d5580000,0x00000000d5580000,0x00000000d6d00000)
  from space 5120K, 99% used [0x00000000d6e80000,0x00000000d737eac8,0x00000000d7380000)
  to   space 8192K, 0% used [0x00000000d7500000,0x00000000d7500000,0x00000000d7d00000)
 ParOldGen       total 68608K, used 10425K [0x0000000080000000, 0x0000000084300000, 0x00000000d5580000)
  object space 68608K, 15% used [0x0000000080000000,0x0000000080a2e600,0x0000000084300000)
 Metaspace       used 20508K, committed 21248K, reserved 1114112K
  class space    used 2125K, committed 2432K, reserved 1048576K
}
Event: 12.232 GC heap before
{Heap before GC invocations=8 (full 0):
 PSYoungGen      total 29184K, used 11142K [0x00000000d5580000, 0x00000000d7d00000, 0x0000000100000000)
  eden space 24064K, 25% used [0x00000000d5580000,0x00000000d5b62da8,0x00000000d6d00000)
  from space 5120K, 99% used [0x00000000d6e80000,0x00000000d737eac8,0x00000000d7380000)
  to   space 8192K, 0% used [0x00000000d7500000,0x00000000d7500000,0x00000000d7d00000)
 ParOldGen       total 68608K, used 10425K [0x0000000080000000, 0x0000000084300000, 0x00000000d5580000)
  object space 68608K, 15% used [0x0000000080000000,0x0000000080a2e600,0x0000000084300000)
 Metaspace       used 20726K, committed 21504K, reserved 1114112K
  class space    used 2127K, committed 2496K, reserved 1048576K
}
Event: 12.234 GC heap after
{Heap after GC invocations=8 (full 0):
 PSYoungGen      total 28672K, used 4177K [0x00000000d5580000, 0x00000000d7980000, 0x0000000100000000)
  eden space 24064K, 0% used [0x00000000d5580000,0x00000000d5580000,0x00000000d6d00000)
  from space 4608K, 90% used [0x00000000d7500000,0x00000000d7914668,0x00000000d7980000)
  to   space 5632K, 0% used [0x00000000d6e80000,0x00000000d6e80000,0x00000000d7400000)
 ParOldGen       total 68608K, used 11556K [0x0000000080000000, 0x0000000084300000, 0x00000000d5580000)
  object space 68608K, 16% used [0x0000000080000000,0x0000000080b492a8,0x0000000084300000)
 Metaspace       used 20726K, committed 21504K, reserved 1114112K
  class space    used 2127K, committed 2496K, reserved 1048576K
}
Event: 12.234 GC heap before
{Heap before GC invocations=9 (full 1):
 PSYoungGen      total 28672K, used 4177K [0x00000000d5580000, 0x00000000d7980000, 0x0000000100000000)
  eden space 24064K, 0% used [0x00000000d5580000,0x00000000d5580000,0x00000000d6d00000)
  from space 4608K, 90% used [0x00000000d7500000,0x00000000d7914668,0x00000000d7980000)
  to   space 5632K, 0% used [0x00000000d6e80000,0x00000000d6e80000,0x00000000d7400000)
 ParOldGen       total 68608K, used 11556K [0x0000000080000000, 0x0000000084300000, 0x00000000d5580000)
  object space 68608K, 16% used [0x0000000080000000,0x0000000080b492a8,0x0000000084300000)
 Metaspace       used 20726K, committed 21504K, reserved 1114112K
  class space    used 2127K, committed 2496K, reserved 1048576K
}
Event: 12.273 GC heap after
{Heap after GC invocations=9 (full 1):
 PSYoungGen      total 28672K, used 0K [0x00000000d5580000, 0x00000000d7980000, 0x0000000100000000)
  eden space 24064K, 0% used [0x00000000d5580000,0x00000000d5580000,0x00000000d6d00000)
  from space 4608K, 0% used [0x00000000d7500000,0x00000000d7500000,0x00000000d7980000)
  to   space 5632K, 0% used [0x00000000d6e80000,0x00000000d6e80000,0x00000000d7400000)
 ParOldGen       total 68608K, used 13923K [0x0000000080000000, 0x0000000084300000, 0x00000000d5580000)
  object space 68608K, 20% used [0x0000000080000000,0x0000000080d98cd0,0x0000000084300000)
 Metaspace       used 20714K, committed 21504K, reserved 1114112K
  class space    used 2123K, committed 2496K, reserved 1048576K
}
Event: 13.133 GC heap before
{Heap before GC invocations=10 (full 1):
 PSYoungGen      total 28672K, used 24064K [0x00000000d5580000, 0x00000000d7980000, 0x0000000100000000)
  eden space 24064K, 100% used [0x00000000d5580000,0x00000000d6d00000,0x00000000d6d00000)
  from space 4608K, 0% used [0x00000000d7500000,0x00000000d7500000,0x00000000d7980000)
  to   space 5632K, 0% used [0x00000000d6e80000,0x00000000d6e80000,0x00000000d7400000)
 ParOldGen       total 68608K, used 13923K [0x0000000080000000, 0x0000000084300000, 0x00000000d5580000)
  object space 68608K, 20% used [0x0000000080000000,0x0000000080d98cd0,0x0000000084300000)
 Metaspace       used 24467K, committed 25344K, reserved 1114112K
  class space    used 2417K, committed 2752K, reserved 1048576K
}
Event: 13.135 GC heap after
{Heap after GC invocations=10 (full 1):
 PSYoungGen      total 24064K, used 433K [0x00000000d5580000, 0x00000000d7580000, 0x0000000100000000)
  eden space 23552K, 0% used [0x00000000d5580000,0x00000000d5580000,0x00000000d6c80000)
  from space 512K, 84% used [0x00000000d6e80000,0x00000000d6eec4a0,0x00000000d6f00000)
  to   space 2048K, 0% used [0x00000000d7380000,0x00000000d7380000,0x00000000d7580000)
 ParOldGen       total 68608K, used 13931K [0x0000000080000000, 0x0000000084300000, 0x00000000d5580000)
  object space 68608K, 20% used [0x0000000080000000,0x0000000080d9acd0,0x0000000084300000)
 Metaspace       used 24467K, committed 25344K, reserved 1114112K
  class space    used 2417K, committed 2752K, reserved 1048576K
}
Event: 13.750 GC heap before
{Heap before GC invocations=11 (full 1):
 PSYoungGen      total 24064K, used 23981K [0x00000000d5580000, 0x00000000d7580000, 0x0000000100000000)
  eden space 23552K, 99% used [0x00000000d5580000,0x00000000d6c7f0a8,0x00000000d6c80000)
  from space 512K, 84% used [0x00000000d6e80000,0x00000000d6eec4a0,0x00000000d6f00000)
  to   space 2048K, 0% used [0x00000000d7380000,0x00000000d7380000,0x00000000d7580000)
 ParOldGen       total 68608K, used 13931K [0x0000000080000000, 0x0000000084300000, 0x00000000d5580000)
  object space 68608K, 20% used [0x0000000080000000,0x0000000080d9acd0,0x0000000084300000)
 Metaspace       used 26039K, committed 26944K, reserved 1114112K
  class space    used 2582K, committed 3008K, reserved 1048576K
}
Event: 13.752 GC heap after
{Heap after GC invocations=11 (full 1):
 PSYoungGen      total 25088K, used 1560K [0x00000000d5580000, 0x00000000d7580000, 0x0000000100000000)
  eden space 23040K, 0% used [0x00000000d5580000,0x00000000d5580000,0x00000000d6c00000)
  from space 2048K, 76% used [0x00000000d7380000,0x00000000d7506170,0x00000000d7580000)
  to   space 2048K, 0% used [0x00000000d7180000,0x00000000d7180000,0x00000000d7380000)
 ParOldGen       total 68608K, used 14720K [0x0000000080000000, 0x0000000084300000, 0x00000000d5580000)
  object space 68608K, 21% used [0x0000000080000000,0x0000000080e601e0,0x0000000084300000)
 Metaspace       used 26039K, committed 26944K, reserved 1114112K
  class space    used 2582K, committed 3008K, reserved 1048576K
}

Dll operation events (11 events):
Event: 0.039 Loaded shared library c:\Users\Annet\.vscode\extensions\redhat.java-1.54.0-win32-x64\jre\21.0.10-win32-x86_64\bin\java.dll
Event: 0.304 Loaded shared library c:\Users\Annet\.vscode\extensions\redhat.java-1.54.0-win32-x64\jre\21.0.10-win32-x86_64\bin\zip.dll
Event: 0.352 Loaded shared library C:\Users\Annet\.vscode\extensions\redhat.java-1.54.0-win32-x64\jre\21.0.10-win32-x86_64\bin\instrument.dll
Event: 0.361 Loaded shared library C:\Users\Annet\.vscode\extensions\redhat.java-1.54.0-win32-x64\jre\21.0.10-win32-x86_64\bin\net.dll
Event: 0.366 Loaded shared library C:\Users\Annet\.vscode\extensions\redhat.java-1.54.0-win32-x64\jre\21.0.10-win32-x86_64\bin\nio.dll
Event: 0.373 Loaded shared library C:\Users\Annet\.vscode\extensions\redhat.java-1.54.0-win32-x64\jre\21.0.10-win32-x86_64\bin\zip.dll
Event: 0.472 Loaded shared library C:\Users\Annet\.vscode\extensions\redhat.java-1.54.0-win32-x64\jre\21.0.10-win32-x86_64\bin\jimage.dll
Event: 0.762 Loaded shared library c:\Users\Annet\.vscode\extensions\redhat.java-1.54.0-win32-x64\jre\21.0.10-win32-x86_64\bin\verify.dll
Event: 4.131 Loaded shared library C:\Users\Annet\AppData\Roaming\Code\User\globalStorage\redhat.java\1.54.0\config_win\org.eclipse.equinox.launcher\org.eclipse.equinox.launcher.win32.win32.x86_64_1.3.0.v20260203-2149\eclipse_11919.dll
Event: 9.573 Loaded shared library C:\Users\Annet\.vscode\extensions\redhat.java-1.54.0-win32-x64\jre\21.0.10-win32-x86_64\bin\management.dll
Event: 9.576 Loaded shared library C:\Users\Annet\.vscode\extensions\redhat.java-1.54.0-win32-x64\jre\21.0.10-win32-x86_64\bin\management_ext.dll

Deoptimization events (20 events):
Event: 13.441 Thread 0x0000029b084ed8c0 DEOPT PACKING pc=0x0000029ab62fbab8 sp=0x000000bfde4fe620
Event: 13.441 Thread 0x0000029b084ed8c0 DEOPT UNPACKING pc=0x0000029ab5c06da2 sp=0x000000bfde4fe5a8 mode 2
Event: 13.441 Thread 0x0000029b084ed8c0 Uncommon trap: trap_request=0xffffff76 fr.pc=0x0000029ab62dea00 relative=0x0000000000000380
Event: 13.441 Thread 0x0000029b084ed8c0 Uncommon trap: reason=predicate action=maybe_recompile pc=0x0000029ab62dea00 method=java.util.regex.Pattern$BmpCharPropertyGreedy.match(Ljava/util/regex/Matcher;ILjava/lang/CharSequence;)Z @ 12 c2
Event: 13.441 Thread 0x0000029b084ed8c0 DEOPT PACKING pc=0x0000029ab62dea00 sp=0x000000bfde4fe560
Event: 13.441 Thread 0x0000029b084ed8c0 DEOPT UNPACKING pc=0x0000029ab5c06da2 sp=0x000000bfde4fe508 mode 2
Event: 13.450 Thread 0x0000029b084ed8c0 Uncommon trap: trap_request=0xffffffde fr.pc=0x0000029ab61da0a0 relative=0x0000000000000560
Event: 13.450 Thread 0x0000029b084ed8c0 Uncommon trap: reason=class_check action=maybe_recompile pc=0x0000029ab61da0a0 method=java.io.BufferedInputStream.implRead([BII)I @ 100 c2
Event: 13.450 Thread 0x0000029b084ed8c0 DEOPT PACKING pc=0x0000029ab61da0a0 sp=0x000000bfde4fe280
Event: 13.450 Thread 0x0000029b084ed8c0 DEOPT UNPACKING pc=0x0000029ab5c06da2 sp=0x000000bfde4fe258 mode 2
Event: 13.451 Thread 0x0000029b084ed8c0 Uncommon trap: trap_request=0xffffff45 fr.pc=0x0000029ab61dae18 relative=0x0000000000000238
Event: 13.451 Thread 0x0000029b084ed8c0 Uncommon trap: reason=unstable_if action=reinterpret pc=0x0000029ab61dae18 method=java.io.BufferedInputStream.read1([BII)I @ 34 c2
Event: 13.451 Thread 0x0000029b084ed8c0 DEOPT PACKING pc=0x0000029ab61dae18 sp=0x000000bfde4fe210
Event: 13.451 Thread 0x0000029b084ed8c0 DEOPT UNPACKING pc=0x0000029ab5c06da2 sp=0x000000bfde4fe1c8 mode 2
Event: 13.455 Thread 0x0000029b084ed8c0 Uncommon trap: trap_request=0xffffff45 fr.pc=0x0000029ab61da0f8 relative=0x00000000000005b8
Event: 13.455 Thread 0x0000029b084ed8c0 Uncommon trap: reason=unstable_if action=reinterpret pc=0x0000029ab61da0f8 method=java.io.BufferedInputStream.read1([BII)I @ 34 c2
Event: 13.455 Thread 0x0000029b084ed8c0 DEOPT PACKING pc=0x0000029ab61da0f8 sp=0x000000bfde4fe2b0
Event: 13.455 Thread 0x0000029b084ed8c0 DEOPT UNPACKING pc=0x0000029ab5c06da2 sp=0x000000bfde4fe1f8 mode 2
Event: 14.124 Thread 0x0000029b084ef990 DEOPT PACKING pc=0x0000029aaeb6c1bc sp=0x000000bfddffabb0
Event: 14.124 Thread 0x0000029b084ef990 DEOPT UNPACKING pc=0x0000029ab5c078e2 sp=0x000000bfddffa148 mode 0

Classes loaded (20 events):
Event: 14.038 Loading class sun/reflect/generics/repository/GenericDeclRepository done
Event: 14.038 Loading class sun/reflect/generics/repository/ClassRepository done
Event: 14.038 Loading class sun/reflect/generics/tree/FormalTypeParameter
Event: 14.038 Loading class sun/reflect/generics/tree/FormalTypeParameter done
Event: 14.038 Loading class sun/reflect/generics/tree/ClassSignature
Event: 14.039 Loading class sun/reflect/generics/tree/Signature
Event: 14.039 Loading class sun/reflect/generics/tree/Signature done
Event: 14.039 Loading class sun/reflect/generics/tree/ClassSignature done
Event: 14.039 Loading class sun/reflect/annotation/TypeAnnotation$TypeAnnotationTarget
Event: 14.039 Loading class sun/reflect/annotation/TypeAnnotation$TypeAnnotationTarget done
Event: 14.039 Loading class sun/reflect/annotation/TypeAnnotation$LocationInfo
Event: 14.039 Loading class sun/reflect/annotation/TypeAnnotation$LocationInfo done
Event: 14.039 Loading class sun/reflect/annotation/TypeAnnotation$LocationInfo$Location
Event: 14.039 Loading class sun/reflect/annotation/TypeAnnotation$LocationInfo$Location done
Event: 14.039 Loading class sun/reflect/annotation/AnnotatedTypeFactory
Event: 14.039 Loading class sun/reflect/annotation/AnnotatedTypeFactory done
Event: 14.039 Loading class sun/reflect/annotation/AnnotatedTypeFactory$AnnotatedTypeBaseImpl
Event: 14.040 Loading class sun/reflect/annotation/AnnotatedTypeFactory$AnnotatedTypeBaseImpl done
Event: 14.127 Loading class java/net/Authenticator
Event: 14.127 Loading class java/net/Authenticator done

Classes unloaded (7 events):
Event: 12.241 Thread 0x0000029aab534ce0 Unloading class 0x0000029ac31b0c00 'java/lang/invoke/LambdaForm$MH+0x0000029ac31b0c00'
Event: 12.241 Thread 0x0000029aab534ce0 Unloading class 0x0000029ac31b0800 'java/lang/invoke/LambdaForm$MH+0x0000029ac31b0800'
Event: 12.241 Thread 0x0000029aab534ce0 Unloading class 0x0000029ac31b0400 'java/lang/invoke/LambdaForm$MH+0x0000029ac31b0400'
Event: 12.241 Thread 0x0000029aab534ce0 Unloading class 0x0000029ac31b0000 'java/lang/invoke/LambdaForm$MH+0x0000029ac31b0000'
Event: 12.241 Thread 0x0000029aab534ce0 Unloading class 0x0000029ac31afc00 'java/lang/invoke/LambdaForm$BMH+0x0000029ac31afc00'
Event: 12.241 Thread 0x0000029aab534ce0 Unloading class 0x0000029ac31af800 'java/lang/invoke/LambdaForm$DMH+0x0000029ac31af800'
Event: 12.241 Thread 0x0000029aab534ce0 Unloading class 0x0000029ac31ae400 'java/lang/invoke/LambdaForm$DMH+0x0000029ac31ae400'

Classes redefined (0 events):
No events

Internal exceptions (20 events):
Event: 12.583 Thread 0x0000029b084ef990 Exception <a 'java/lang/NoSuchMethodError'{0x00000000d6126100}: 'int java.lang.invoke.DirectMethodHandle$Holder.invokeStaticInit(java.lang.Object, java.lang.Object, java.lang.Object)'> (0x00000000d6126100) 
thrown [s\src\hotspot\share\interpreter\linkResolver.cpp, line 773]
Event: 12.738 Thread 0x0000029b084ef990 Implicit null exception at 0x0000029ab63019f5 to 0x0000029ab6301b08
Event: 13.002 Thread 0x0000029b084ed8c0 Exception <a 'java/lang/NoSuchMethodError'{0x00000000d6c26808}: 'java.lang.Object java.lang.invoke.DirectMethodHandle$Holder.invokeStaticInit(java.lang.Object, java.lang.Object, java.lang.Object, java.lang.Object, java.lang.Object, java.lang.Object, java.lang.Object)'> (0x00000000d6c26808) 
thrown [s\src\hotspot\share\interpreter\linkResolver.cpp, line 773]
Event: 13.004 Thread 0x0000029b084ed8c0 Exception <a 'java/lang/NoSuchMethodError'{0x00000000d6c2afe0}: 'java.lang.Object java.lang.invoke.Invokers$Holder.invoke_MT(java.lang.Object, java.lang.Object, java.lang.Object, java.lang.Object, java.lang.Object, java.lang.Object, java.lang.Object, java.lang.Object, java.lang.Object)'> (0x00000000d6c2afe0) 
thrown [s\src\hotspot\share\interpreter\linkResolver.cpp, line 773]
Event: 13.017 Thread 0x0000029b084ed8c0 Exception <a 'java/lang/NoSuchMethodError'{0x00000000d6cb3070}: 'int java.lang.invoke.DirectMethodHandle$Holder.invokeVirtual(java.lang.Object, java.lang.Object, java.lang.Object)'> (0x00000000d6cb3070) 
thrown [s\src\hotspot\share\interpreter\linkResolver.cpp, line 773]
Event: 13.018 Thread 0x0000029b084ed8c0 Exception <a 'java/lang/NoSuchMethodError'{0x00000000d6cb6fc0}: 'int java.lang.invoke.DirectMethodHandle$Holder.invokeStaticInit(java.lang.Object, int, int)'> (0x00000000d6cb6fc0) 
thrown [s\src\hotspot\share\interpreter\linkResolver.cpp, line 773]
Event: 13.019 Thread 0x0000029b084ed8c0 Exception <a 'java/lang/NoSuchMethodError'{0x00000000d6cbe2c8}: 'int java.lang.invoke.DirectMethodHandle$Holder.invokeStaticInit(java.lang.Object, long, long)'> (0x00000000d6cbe2c8) 
thrown [s\src\hotspot\share\interpreter\linkResolver.cpp, line 773]
Event: 13.031 Thread 0x0000029b084ed8c0 Exception <a 'java/lang/NoSuchMethodError'{0x00000000d6cc49b0}: 'int java.lang.invoke.DirectMethodHandle$Holder.invokeStaticInit(java.lang.Object, float, float)'> (0x00000000d6cc49b0) 
thrown [s\src\hotspot\share\interpreter\linkResolver.cpp, line 773]
Event: 13.032 Thread 0x0000029b084ed8c0 Exception <a 'java/lang/NoSuchMethodError'{0x00000000d6ce2880}: 'int java.lang.invoke.DirectMethodHandle$Holder.invokeStaticInit(java.lang.Object, double, double)'> (0x00000000d6ce2880) 
thrown [s\src\hotspot\share\interpreter\linkResolver.cpp, line 773]
Event: 13.033 Thread 0x0000029b084ed8c0 Exception <a 'java/lang/NoSuchMethodError'{0x00000000d6ce6df8}: 'int java.lang.invoke.DirectMethodHandle$Holder.invokeStatic(java.lang.Object, long)'> (0x00000000d6ce6df8) 
thrown [s\src\hotspot\share\interpreter\linkResolver.cpp, line 773]
Event: 13.193 Thread 0x0000029b084ed8c0 Exception <a 'java/lang/NoSuchMethodError'{0x00000000d5645a60}: 'int java.lang.invoke.Invokers$Holder.linkToTargetMethod(java.lang.Object, java.lang.Object)'> (0x00000000d5645a60) 
thrown [s\src\hotspot\share\interpreter\linkResolver.cpp, line 773]
Event: 13.231 Thread 0x0000029b084edf50 Exception <a 'java/lang/NoSuchMethodError'{0x00000000d56e6730}: 'int java.lang.invoke.DirectMethodHandle$Holder.invokeSpecial(java.lang.Object, java.lang.Object, java.lang.Object, java.lang.Object)'> (0x00000000d56e6730) 
thrown [s\src\hotspot\share\interpreter\linkResolver.cpp, line 773]
Event: 13.365 Thread 0x0000029b084edf50 Exception <a 'java/lang/NoSuchMethodError'{0x00000000d5816320}: 'java.lang.Object java.lang.invoke.DirectMethodHandle$Holder.invokeStatic(java.lang.Object, int, java.lang.Object, java.lang.Object)'> (0x00000000d5816320) 
thrown [s\src\hotspot\share\interpreter\linkResolver.cpp, line 773]
Event: 13.365 Thread 0x0000029b084edf50 Exception <a 'java/lang/NoSuchMethodError'{0x00000000d5819d40}: 'java.lang.Object java.lang.invoke.DelegatingMethodHandle$Holder.delegate(java.lang.Object, int, java.lang.Object, java.lang.Object)'> (0x00000000d5819d40) 
thrown [s\src\hotspot\share\interpreter\linkResolver.cpp, line 773]
Event: 13.375 Thread 0x0000029b084edf50 Exception <a 'java/lang/NoSuchMethodError'{0x00000000d582d838}: 'int java.lang.invoke.Invokers$Holder.linkToTargetMethod(java.lang.Object, java.lang.Object, java.lang.Object)'> (0x00000000d582d838) 
thrown [s\src\hotspot\share\interpreter\linkResolver.cpp, line 773]
Event: 13.466 Thread 0x0000029b084ed8c0 Exception <a 'java/lang/NoSuchMethodError'{0x00000000d59cf128}: 'java.lang.Object java.lang.invoke.DirectMethodHandle$Holder.invokeSpecialIFC(java.lang.Object, java.lang.Object, java.lang.Object, java.lang.Object)'> (0x00000000d59cf128) 
thrown [s\src\hotspot\share\interpreter\linkResolver.cpp, line 773]
Event: 13.476 Thread 0x0000029b084ef990 Exception <a 'java/io/FileNotFoundException'{0x00000000d5ab6420}> (0x00000000d5ab6420) 
thrown [s\src\hotspot\share\prims\jni.cpp, line 520]
Event: 13.627 Thread 0x0000029b084ef990 Exception <a 'java/io/FileNotFoundException'{0x00000000d66d98e0}> (0x00000000d66d98e0) 
thrown [s\src\hotspot\share\prims\jni.cpp, line 520]
Event: 13.627 Thread 0x0000029b084ef990 Exception <a 'java/io/FileNotFoundException'{0x00000000d66da910}> (0x00000000d66da910) 
thrown [s\src\hotspot\share\prims\jni.cpp, line 520]
Event: 13.629 Thread 0x0000029b084ef990 Exception <a 'java/io/FileNotFoundException'{0x00000000d66e95f8}> (0x00000000d66e95f8) 
thrown [s\src\hotspot\share\prims\jni.cpp, line 520]

ZGC Phase Switch (0 events):
No events

VM Operations (20 events):
Event: 10.568 Executing non-safepoint VM operation: HandshakeAllThreads (Deoptimize)
Event: 10.568 Executing non-safepoint VM operation: HandshakeAllThreads (Deoptimize) done
Event: 10.676 Executing non-safepoint VM operation: HandshakeAllThreads (Deoptimize)
Event: 10.676 Executing non-safepoint VM operation: HandshakeAllThreads (Deoptimize) done
Event: 10.688 Executing non-safepoint VM operation: HandshakeAllThreads (Deoptimize)
Event: 10.688 Executing non-safepoint VM operation: HandshakeAllThreads (Deoptimize) done
Event: 10.961 Executing safepoint VM operation: ICBufferFull
Event: 10.961 Executing safepoint VM operation: ICBufferFull done
Event: 11.343 Executing safepoint VM operation: ParallelGCFailedAllocation (Allocation Failure)
Event: 11.351 Executing safepoint VM operation: ParallelGCFailedAllocation (Allocation Failure) done
Event: 12.175 Executing safepoint VM operation: ParallelGCFailedAllocation (Allocation Failure)
Event: 12.182 Executing safepoint VM operation: ParallelGCFailedAllocation (Allocation Failure) done
Event: 12.232 Executing safepoint VM operation: CollectForMetadataAllocation (Metadata GC Threshold)
Event: 12.273 Executing safepoint VM operation: CollectForMetadataAllocation (Metadata GC Threshold) done
Event: 13.034 Executing safepoint VM operation: ParallelGCFailedAllocation (Allocation Failure)
Event: 13.135 Executing safepoint VM operation: ParallelGCFailedAllocation (Allocation Failure) done
Event: 13.235 Executing non-safepoint VM operation: HandshakeAllThreads (Deoptimize)
Event: 13.428 Executing non-safepoint VM operation: HandshakeAllThreads (Deoptimize) done
Event: 13.750 Executing safepoint VM operation: ParallelGCFailedAllocation (Allocation Failure)
Event: 13.752 Executing safepoint VM operation: ParallelGCFailedAllocation (Allocation Failure) done

Memory protections (0 events):
No events

Nmethod flushes (0 events):
No events

Events (20 events):
Event: 2.837 Thread 0x0000029ac1ee96f0 Thread added: 0x0000029ac1eec6a0
Event: 3.449 Thread 0x0000029ac1eec6a0 Thread exited: 0x0000029ac1eec6a0
Event: 3.537 Thread 0x0000029aa91cd170 Thread added: 0x0000029b084ee5e0
Event: 4.124 Thread 0x0000029aa91cd170 Thread added: 0x0000029b084eec70
Event: 4.214 Thread 0x0000029b084eec70 Thread added: 0x0000029b084ef300
Event: 4.236 Thread 0x0000029aa91cd170 Thread added: 0x0000029b084ef990
Event: 4.658 Thread 0x0000029ac1ee96f0 Thread added: 0x0000029ac1eebfd0
Event: 5.048 Thread 0x0000029b084ef990 Thread added: 0x0000029b084ec510
Event: 5.232 Thread 0x0000029ac1eebfd0 Thread exited: 0x0000029ac1eebfd0
Event: 7.867 Thread 0x0000029b084ef990 Thread added: 0x0000029b084ecba0
Event: 8.137 Thread 0x0000029ac1e73800 Thread added: 0x0000029ac1eeb230
Event: 8.870 Thread 0x0000029b084ef990 Thread added: 0x0000029b084ed230
Event: 9.133 Thread 0x0000029ac1eeb230 Thread exited: 0x0000029ac1eeb230
Event: 9.978 Thread 0x0000029b084ef990 Thread added: 0x0000029b084edf50
Event: 10.058 Thread 0x0000029b084ef990 Thread added: 0x0000029b084ed8c0
Event: 11.465 Thread 0x0000029ac1ee96f0 Thread added: 0x0000029ac1eeb230
Event: 11.751 Thread 0x0000029ac1eeb230 Thread exited: 0x0000029ac1eeb230
Event: 12.994 Thread 0x0000029b084edf50 Thread added: 0x0000029b097eae80
Event: 13.190 Thread 0x0000029b097eae80 Thread added: 0x0000029b097ee300
Event: 14.029 Thread 0x0000029b084ef990 Thread added: 0x0000029b097ea160


Dynamic libraries:
0x00007ff6369b0000 - 0x00007ff6369be000 	c:\Users\Annet\.vscode\extensions\redhat.java-1.54.0-win32-x64\jre\21.0.10-win32-x86_64\bin\java.exe
0x00007ffdee730000 - 0x00007ffdee928000 	C:\WINDOWS\SYSTEM32\ntdll.dll
0x00007ffdee550000 - 0x00007ffdee612000 	C:\WINDOWS\System32\KERNEL32.DLL
0x00007ffdec090000 - 0x00007ffdec386000 	C:\WINDOWS\System32\KERNELBASE.dll
0x00007ffdebe70000 - 0x00007ffdebf70000 	C:\WINDOWS\System32\ucrtbase.dll
0x00007ffde5070000 - 0x00007ffde5088000 	c:\Users\Annet\.vscode\extensions\redhat.java-1.54.0-win32-x64\jre\21.0.10-win32-x86_64\bin\jli.dll
0x00007ffded730000 - 0x00007ffded8d1000 	C:\WINDOWS\System32\USER32.dll
0x00007ffdebdc0000 - 0x00007ffdebde2000 	C:\WINDOWS\System32\win32u.dll
0x00007ffded550000 - 0x00007ffded57b000 	C:\WINDOWS\System32\GDI32.dll
0x00007ffdebf70000 - 0x00007ffdec089000 	C:\WINDOWS\System32\gdi32full.dll
0x00007ffdec3c0000 - 0x00007ffdec45d000 	C:\WINDOWS\System32\msvcp_win.dll
0x00007ffde5050000 - 0x00007ffde506e000 	c:\Users\Annet\.vscode\extensions\redhat.java-1.54.0-win32-x64\jre\21.0.10-win32-x86_64\bin\VCRUNTIME140.dll
0x00007ffddb420000 - 0x00007ffddb6bb000 	C:\WINDOWS\WinSxS\amd64_microsoft.windows.common-controls_6595b64144ccf1df_6.0.19041.6456_none_60b8a6cb71f64256\COMCTL32.dll
0x00007ffded8e0000 - 0x00007ffded97e000 	C:\WINDOWS\System32\msvcrt.dll
0x00007ffdec750000 - 0x00007ffdec77f000 	C:\WINDOWS\System32\IMM32.DLL
0x00007ffde79e0000 - 0x00007ffde79ec000 	c:\Users\Annet\.vscode\extensions\redhat.java-1.54.0-win32-x64\jre\21.0.10-win32-x86_64\bin\vcruntime140_1.dll
0x00007ffd4cbb0000 - 0x00007ffd4cc3d000 	c:\Users\Annet\.vscode\extensions\redhat.java-1.54.0-win32-x64\jre\21.0.10-win32-x86_64\bin\msvcp140.dll
0x00007ffd477b0000 - 0x00007ffd48551000 	c:\Users\Annet\.vscode\extensions\redhat.java-1.54.0-win32-x64\jre\21.0.10-win32-x86_64\bin\server\jvm.dll
0x00007ffdee630000 - 0x00007ffdee6e1000 	C:\WINDOWS\System32\ADVAPI32.dll
0x00007ffded2b0000 - 0x00007ffded34f000 	C:\WINDOWS\System32\sechost.dll
0x00007ffded350000 - 0x00007ffded470000 	C:\WINDOWS\System32\RPCRT4.dll
0x00007ffdec390000 - 0x00007ffdec3b7000 	C:\WINDOWS\System32\bcrypt.dll
0x00007ffded6c0000 - 0x00007ffded72b000 	C:\WINDOWS\System32\WS2_32.dll
0x00007ffdeb2d0000 - 0x00007ffdeb31b000 	C:\WINDOWS\SYSTEM32\POWRPROF.dll
0x00007ffdd8000000 - 0x00007ffdd8027000 	C:\WINDOWS\SYSTEM32\WINMM.dll
0x00007ffde4590000 - 0x00007ffde459a000 	C:\WINDOWS\SYSTEM32\VERSION.dll
0x00007ffdeb190000 - 0x00007ffdeb1a2000 	C:\WINDOWS\SYSTEM32\UMPDC.dll
0x00007ffdea590000 - 0x00007ffdea5a2000 	C:\WINDOWS\SYSTEM32\kernel.appcore.dll
0x00007ffde7210000 - 0x00007ffde721a000 	c:\Users\Annet\.vscode\extensions\redhat.java-1.54.0-win32-x64\jre\21.0.10-win32-x86_64\bin\jimage.dll
0x00007ffde99a0000 - 0x00007ffde9ba1000 	C:\WINDOWS\SYSTEM32\DBGHELP.DLL
0x00007ffdd9c90000 - 0x00007ffdd9cc4000 	C:\WINDOWS\SYSTEM32\dbgcore.DLL
0x00007ffdec560000 - 0x00007ffdec5e2000 	C:\WINDOWS\System32\bcryptPrimitives.dll
0x00007ffde7a90000 - 0x00007ffde7a9f000 	c:\Users\Annet\.vscode\extensions\redhat.java-1.54.0-win32-x64\jre\21.0.10-win32-x86_64\bin\instrument.dll
0x00007ffdcd440000 - 0x00007ffdcd460000 	c:\Users\Annet\.vscode\extensions\redhat.java-1.54.0-win32-x64\jre\21.0.10-win32-x86_64\bin\java.dll
0x00007ffdec780000 - 0x00007ffdecef0000 	C:\WINDOWS\System32\SHELL32.dll
0x00007ffde9dd0000 - 0x00007ffdea575000 	C:\WINDOWS\SYSTEM32\windows.storage.dll
0x00007ffdecf50000 - 0x00007ffded2a4000 	C:\WINDOWS\System32\combase.dll
0x00007ffdeb7f0000 - 0x00007ffdeb81b000 	C:\WINDOWS\SYSTEM32\Wldp.dll
0x00007ffdee0c0000 - 0x00007ffdee18d000 	C:\WINDOWS\System32\OLEAUT32.dll
0x00007ffded600000 - 0x00007ffded6ad000 	C:\WINDOWS\System32\SHCORE.dll
0x00007ffdee330000 - 0x00007ffdee38b000 	C:\WINDOWS\System32\shlwapi.dll
0x00007ffdebcf0000 - 0x00007ffdebd14000 	C:\WINDOWS\SYSTEM32\profapi.dll
0x00007ffdcd1e0000 - 0x00007ffdcd1f8000 	c:\Users\Annet\.vscode\extensions\redhat.java-1.54.0-win32-x64\jre\21.0.10-win32-x86_64\bin\zip.dll
0x00007ffddb6d0000 - 0x00007ffddb6e0000 	C:\Users\Annet\.vscode\extensions\redhat.java-1.54.0-win32-x64\jre\21.0.10-win32-x86_64\bin\net.dll
0x00007ffde3730000 - 0x00007ffde383a000 	C:\WINDOWS\SYSTEM32\WINHTTP.dll
0x00007ffdeb510000 - 0x00007ffdeb57a000 	C:\WINDOWS\system32\mswsock.dll
0x00007ffdcd130000 - 0x00007ffdcd146000 	C:\Users\Annet\.vscode\extensions\redhat.java-1.54.0-win32-x64\jre\21.0.10-win32-x86_64\bin\nio.dll
0x00007ffdcf4f0000 - 0x00007ffdcf500000 	c:\Users\Annet\.vscode\extensions\redhat.java-1.54.0-win32-x64\jre\21.0.10-win32-x86_64\bin\verify.dll
0x00007ffd4b3d0000 - 0x00007ffd4b415000 	C:\Users\Annet\AppData\Roaming\Code\User\globalStorage\redhat.java\1.54.0\config_win\org.eclipse.equinox.launcher\org.eclipse.equinox.launcher.win32.win32.x86_64_1.3.0.v20260203-2149\eclipse_11919.dll
0x00007ffdee390000 - 0x00007ffdee4bb000 	C:\WINDOWS\System32\ole32.dll
0x00007ffde7a60000 - 0x00007ffde7a6a000 	C:\Users\Annet\.vscode\extensions\redhat.java-1.54.0-win32-x64\jre\21.0.10-win32-x86_64\bin\management.dll
0x00007ffde72a0000 - 0x00007ffde72ac000 	C:\Users\Annet\.vscode\extensions\redhat.java-1.54.0-win32-x64\jre\21.0.10-win32-x86_64\bin\management_ext.dll
0x00007ffdee270000 - 0x00007ffdee278000 	C:\WINDOWS\System32\PSAPI.DLL

JVMTI agents:
c:\Users\Annet\.vscode\extensions\redhat.java-1.54.0-win32-x64\lombok\lombok-1.18.39-4050.jar path:c:\Users\Annet\.vscode\extensions\redhat.java-1.54.0-win32-x64\jre\21.0.10-win32-x86_64\bin\instrument.dll, loaded, initialized, instrumentlib options:none

dbghelp: loaded successfully - version: 4.0.5 - missing functions: none
symbol engine: initialized successfully - sym options: 0x614 - pdb path: .;c:\Users\Annet\.vscode\extensions\redhat.java-1.54.0-win32-x64\jre\21.0.10-win32-x86_64\bin;C:\WINDOWS\SYSTEM32;C:\WINDOWS\WinSxS\amd64_microsoft.windows.common-controls_6595b64144ccf1df_6.0.19041.6456_none_60b8a6cb71f64256;c:\Users\Annet\.vscode\extensions\redhat.java-1.54.0-win32-x64\jre\21.0.10-win32-x86_64\bin\server;C:\Users\Annet\AppData\Roaming\Code\User\globalStorage\redhat.java\1.54.0\config_win\org.eclipse.equinox.launcher\org.eclipse.equinox.launcher.win32.win32.x86_64_1.3.0.v20260203-2149

VM Arguments:
jvm_args: --add-modules=ALL-SYSTEM --add-opens=java.base/java.util=ALL-UNNAMED --add-opens=java.base/java.lang=ALL-UNNAMED --add-opens=java.base/sun.nio.fs=ALL-UNNAMED -Declipse.application=org.eclipse.jdt.ls.core.id1 -Dosgi.bundles.defaultStartLevel=4 -Declipse.product=org.eclipse.jdt.ls.core.product -Djava.import.generatesMetadataFilesAtProjectRoot=false -DDetectVMInstallationsJob.disabled=true -Dfile.encoding=utf8 -XX:+UseParallelGC -XX:GCTimeRatio=4 -XX:AdaptiveSizePolicyWeight=90 -Dsun.zip.disableMemoryMapping=true -Xmx2G -Xms100m -Xlog:disable -javaagent:c:\Users\Annet\.vscode\extensions\redhat.java-1.54.0-win32-x64\lombok\lombok-1.18.39-4050.jar -XX:+HeapDumpOnOutOfMemoryError -XX:HeapDumpPath=c:\Users\Annet\AppData\Roaming\Code\User\workspaceStorage\e769f471d587c3dfcb8aa7dfe80d412e\redhat.java -Daether.dependencyCollector.impl=bf 
java_command: c:\Users\Annet\.vscode\extensions\redhat.java-1.54.0-win32-x64\server\plugins\org.eclipse.equinox.launcher_1.7.100.v20251111-0406.jar -configuration c:\Users\Annet\AppData\Roaming\Code\User\globalStorage\redhat.java\1.54.0\config_win -data c:\Users\Annet\AppData\Roaming\Code\User\workspaceStorage\e769f471d587c3dfcb8aa7dfe80d412e\redhat.java\jdt_ws --pipe=\\.\pipe\lsp-d25ca020a2a5eeabb5aab37127d0158d-sock
java_class_path (initial): c:\Users\Annet\.vscode\extensions\redhat.java-1.54.0-win32-x64\server\plugins\org.eclipse.equinox.launcher_1.7.100.v20251111-0406.jar
Launcher Type: SUN_STANDARD

[Global flags]
    uintx AdaptiveSizePolicyWeight                 = 90                                        {product} {command line}
     intx CICompilerCount                          = 3                                         {product} {ergonomic}
    uintx GCTimeRatio                              = 4                                         {product} {command line}
     bool HeapDumpOnOutOfMemoryError               = true                                   {manageable} {command line}
    ccstr HeapDumpPath                             = c:\Users\Annet\AppData\Roaming\Code\User\workspaceStorage\e769f471d587c3dfcb8aa7dfe80d412e\redhat.java         {manageable} {command line}
   size_t InitialHeapSize                          = 104857600                                 {product} {command line}
   size_t MaxHeapSize                              = 2147483648                                {product} {command line}
   size_t MaxNewSize                               = 715653120                                 {product} {ergonomic}
   size_t MinHeapDeltaBytes                        = 524288                                    {product} {ergonomic}
   size_t MinHeapSize                              = 104857600                                 {product} {command line}
   size_t NewSize                                  = 34603008                                  {product} {ergonomic}
    uintx NonNMethodCodeHeapSize                   = 5832780                                {pd product} {ergonomic}
    uintx NonProfiledCodeHeapSize                  = 122912730                              {pd product} {ergonomic}
   size_t OldSize                                  = 70254592                                  {product} {ergonomic}
    uintx ProfiledCodeHeapSize                     = 122912730                              {pd product} {ergonomic}
    uintx ReservedCodeCacheSize                    = 251658240                              {pd product} {ergonomic}
     bool SegmentedCodeCache                       = true                                      {product} {ergonomic}
   size_t SoftMaxHeapSize                          = 2147483648                             {manageable} {ergonomic}
     bool UseCompressedOops                        = true                           {product lp64_product} {ergonomic}
     bool UseLargePagesIndividualAllocation        = false                                  {pd product} {ergonomic}
     bool UseParallelGC                            = true                                      {product} {command line}

Logging:
Log output configuration:
 #0: stdout all=off uptime,level,tags foldmultilines=false
 #1: stderr all=off uptime,level,tags foldmultilines=false

Release file:
JAVA_VERSION="21.0.10" 
MODULES="java.base java.compiler java.datatransfer java.xml java.prefs java.desktop java.instrument java.logging java.management java.security.sasl java.naming java.rmi java.management.rmi java.net.http java.scripting java.security.jgss java.transaction.xa java.sql java.sql.rowset java.xml.crypto java.se java.smartcardio jdk.accessibility jdk.internal.jvmstat jdk.attach jdk.charsets jdk.internal.opt jdk.zipfs jdk.compiler jdk.crypto.ec jdk.crypto.cryptoki jdk.crypto.mscapi jdk.dynalink jdk.internal.ed jdk.editpad jdk.hotspot.agent jdk.httpserver jdk.internal.le jdk.internal.vm.ci jdk.internal.vm.compiler jdk.internal.vm.compiler.management jdk.jartool jdk.javadoc jdk.jcmd jdk.management jdk.management.agent jdk.jconsole jdk.jdeps jdk.jdwp.agent jdk.jdi jdk.jfr jdk.jshell jdk.jsobject jdk.jstatd jdk.localedata jdk.management.jfr jdk.naming.dns jdk.naming.rmi jdk.net jdk.nio.mapmode jdk.random jdk.sctp jdk.security.auth jdk.security.jgss jdk.unsupported jdk.unsupported.desktop jdk.xml.dom" 

Environment Variables:
JAVA_HOME=C:\Program Files\Eclipse Adoptium\jdk-17.0.19.10-hotspot\
PATH=C:\Users\Annet\bin;C:\Program Files\Git\mingw64\bin;C:\Program Files\Git\usr\local\bin;C:\Program Files\Git\usr\bin;C:\Program Files\Git\usr\bin;C:\Program Files\Git\mingw64\bin;C:\Program Files\Git\usr\bin;C:\Users\Annet\bin;C:\Program Files\Eclipse Adoptium\jdk-17.0.19.10-hotspot\bin;C:\Program Files\Microsoft MPI\Bin;C:\WINDOWS\system32;C:\WINDOWS;C:\WINDOWS\System32\Wbem;C:\WINDOWS\System32\WindowsPowerShell\v1.0;C:\WINDOWS\System32\OpenSSH;C:\Program Files\Git\cmd;C:\ProgramData\chocolatey\bin;C:\Program Files\Docker\Docker\resources\bin;C:\Program Files\MySQL\MySQL Server 8.0\bin;C:\Program Files\PostgreSQL\16\bin;C:\Program Files (x86)\Microsoft SQL Server\160\Tools\Binn;C:\Program Files\Microsoft SQL Server\160\Tools\Binn;C:\Program Files\Microsoft SQL Server\Client SDK\ODBC\170\Tools\Binn;C:\Program Files\Microsoft SQL Server\160\DTS\Binn;C:\Program Files (x86)\Microsoft SQL Server\160\DTS\Binn;C:\dart-sdk\bin;C:\Program Files\Microsoft SQL Server\150\Tools\Binn;C:\Program Files\dotnet;C:\Program Files\nodejs;C:\Program Files (x86)\Microsoft SQL Server\170\Tools\Binn;C:\Program Files\Microsoft SQL Server\170\Tools\Binn;C:\Program Files\Microsoft SQL Server\Client SDK\ODBC\180\Tools\Binn;C:\Program Files\Microsoft SQL Server\170\DTS\Binn;C:\apache-maven-3.9.16\bin;C:\Program Files\Eclipse Adoptium\jdk-17.0.19.10-hotspot\bin;C:\Users\Annet\AppData\Local\Programs\Quarto\bin;C:\Users\Annet\AppData\Local\Programs\Python\Python312\Scripts;C:\Users\Annet\AppData\Local\Programs\Python\Python312;C:\Users\Annet\AppData\Local\Programs\Python\Python39\Scripts;C:\Users\Annet\AppData\Local\Programs\Python\Python39;C:\Users\Annet\AppData\Local\Microsoft\WindowsApps;C:\Users\Annet\AppData\Local\Programs\Microsoft VS Code\bin;C:\flutter\bin;C:\Users\Annet\.dotnet\tools;C:\Program Files\MongoDB\Server\8.0\bin;C:\Users\Annet\AppData\Roaming\npm;C:\Program Files\Git\usr\bin\vendor_perl;C:\Program Files\Git\usr\bin\core_perl
USERNAME=Annet
SHELL=C:\Program Files\Git\usr\bin\bash.exe
DISPLAY=needs-to-be-defined
LANG=en_US.UTF-8
TERM=xterm-256color
TMPDIR=C:\Users\Annet\AppData\Local\Temp
OS=Windows_NT
PROCESSOR_IDENTIFIER=Intel64 Family 6 Model 126 Stepping 5, GenuineIntel
TMP=C:\Users\Annet\AppData\Local\Temp
TEMP=C:\Users\Annet\AppData\Local\Temp




Periodic native trim disabled

---------------  S Y S T E M  ---------------

OS:
 Windows 10 , 64 bit Build 19041 (10.0.19041.5915)
OS uptime: 0 days 8:19 hours
Hyper-V role detected

CPU: total 4 (initial active 4) (2 cores per cpu, 2 threads per core) family 6 model 126 stepping 5 microcode 0xa0, cx8, cmov, fxsr, ht, mmx, 3dnowpref, sse, sse2, sse3, ssse3, sse4.1, sse4.2, popcnt, lzcnt, tsc, tscinvbit, avx, avx2, aes, erms, clmul, bmi1, bmi2, adx, avx512f, avx512dq, avx512cd, avx512bw, avx512vl, sha, fma, vzeroupper, avx512_vpopcntdq, avx512_vpclmulqdq, avx512_vaes, avx512_vnni, clflush, clflushopt, avx512_vbmi2, avx512_vbmi, hv, rdtscp, rdpid, fsrm, gfni, avx512_bitalg, f16c, avx512_ifma
Processor Information for the first 4 processors :
  Max Mhz: 1190, Current Mhz: 1190, Mhz Limit: 1190

Memory: 4k page, system-wide physical 7931M (345M free)
TotalPageFile size 22005M (AvailPageFile size 5M)
current process WorkingSet (physical memory assigned to process): 165M, peak: 167M
current process commit charge ("private bytes"): 284M, peak: 286M

vm_info: OpenJDK 64-Bit Server VM (21.0.10+7-LTS) for windows-amd64 JRE (21.0.10+7-LTS), built on 2026-01-20T00:00:00Z by "admin" with MS VC++ 17.12 (VS2022)

END.
